<?xml version="1.0" encoding="UTF-8"?>
<testsuite xmlns:xsi="http://www.w3.org/2001/XMLSchema-instance" xsi:noNamespaceSchemaLocation="https://maven.apache.org/surefire/maven-surefire-plugin/xsd/surefire-test-report.xsd" name="TestRunners.TestRun" time="82.059" tests="2" errors="0" skipped="0" failures="2">
  <properties>
[...]
</properties>
  <testcase name="Procurar por um texto na pagina do Blog da SOC" classname="Busca no Blog" time="46.819">
    <failure message="expected:&lt;...interno para lideran[Ã§]as&gt; but was:&lt;...interno para lideran[ç]as&gt;" type="org.junit.ComparisonFailure"><![CDATA[org.junit.ComparisonFailure: expected:<...interno para lideran[Ã§]as> but was:<...interno para lideran[ç]as>
]]></failure>
    <system-out><![CDATA[
Cenario: Procurar por um texto na pagina do Blog da SOC                          &amp#27;[90m# src/test/resources/AppFeatures/Blog.feature:5&amp#27;[0m
  &amp#27;[32mDado &amp#27;[0m&amp#27;[32mque estou na na pagina do Blog da SOC&amp#27;[0m                                     &amp#27;[90m# step_definitions.BlogSteps.que_estou_na_na_pagina_do_blog_da_soc()&amp#27;[0m
  &amp#27;[32mE &amp#27;[0m&amp#27;[32mtenho um campo de busca&amp#27;[0m                                                      &amp#27;[90m# step_definitions.BlogSteps.tenho_um_campo_de_busca()&amp#27;[0m
  &amp#27;[32mQuando &amp#27;[0m&amp#27;[32meu procuro pelo texto &amp#27;[0m&amp#27;[32m&amp#27;[1m"SOC realiza treinamento interno para lideranÃ§as"&amp#27;[0m &amp#27;[90m# step_definitions.BlogSteps.eu_procuro_pelo_texto(java.lang.String)&amp#27;[0m
  &amp#27;[32mE &amp#27;[0m&amp#27;[32mclico no botao pesquisar&amp#27;[0m                                                     &amp#27;[90m# step_definitions.BlogSteps.clico_no_botao_pesquisar()&amp#27;[0m
  &amp#27;[31mEntao &amp#27;[0m&amp#27;[31me exibido o conteudo da minha busca&amp#27;[0m                                      &amp#27;[90m# step_definitions.BlogSteps.e_exibido_o_conteudo_da_minha_busca()&amp#27;[0m
      &amp#27;[31morg.junit.ComparisonFailure: expected:<...interno para lideran[ÃƒÂ§]as> but was:<...interno para lideran[Ã§]as>
	at org.junit.Assert.assertEquals(Assert.java:117)
	at org.junit.Assert.assertEquals(Assert.java:146)
	at pages.BlogPage.verificarTextoProcurado(BlogPage.java:33)
	at step_definitions.BlogSteps.e_exibido_o_conteudo_da_minha_busca(BlogSteps.java:33)
	at âœ½.e exibido o conteudo da minha busca(file:///C:/Users/Diego%20Pereira/IdeaProjects/SOC_Test/src/test/resources/AppFeatures/Blog.feature:10)
&amp#27;[0m

    Embedding img [image/png 244046 bytes]

]]></system-out>
    <system-err><![CDATA[SLF4J: Failed to load class "org.slf4j.impl.StaticLoggerBinder".
SLF4J: Defaulting to no-operation (NOP) logger implementation
SLF4J: See http://www.slf4j.org/codes.html#StaticLoggerBinder for further details.
Starting ChromeDriver 91.0.4472.19 (1bf021f248676a0b2ab3ee0561d83a59e424c23e-refs/branch-heads/4472@{#288}) on port 23759
Only local connections are allowed.
Please see https://chromedriver.chromium.org/security-considerations for suggestions on keeping ChromeDriver safe.
ChromeDriver was started successfully.
jul 07, 2021 2:20:40 PM org.openqa.selenium.remote.ProtocolHandshake createSession
INFORMAÇÕES: Detected dialect: W3C
jul 07, 2021 2:20:42 PM org.openqa.selenium.devtools.CdpVersionFinder findNearestMatch
INFORMAÇÕES: Found exact CDP implementation for version 91
]]></system-err>
  </testcase>
  <testcase name="Visualizar prestadores na rede credenciada da SOC" classname="Buscar credenciado" time="21.311">
    <failure message="expected:&lt;...olaborativa de Servi[Ã§]os Ocupacionais do B...&gt; but was:&lt;...olaborativa de Servi[ç]os Ocupacionais do B...&gt;" type="org.junit.ComparisonFailure"><![CDATA[org.junit.ComparisonFailure: expected:<...olaborativa de Servi[Ã§]os Ocupacionais do B...> but was:<...olaborativa de Servi[ç]os Ocupacionais do B...>
]]></failure>
    <system-out><![CDATA[
Cenario: Visualizar prestadores na rede credenciada da SOC               &amp#27;[90m# src/test/resources/AppFeatures/Home.feature:5&amp#27;[0m
  &amp#27;[32mDado &amp#27;[0m&amp#27;[32mque estou na na pagina principal da SOC&amp#27;[0m                           &amp#27;[90m# step_definitions.HomeSteps.que_estou_na_na_pagina_principal_da_soc()&amp#27;[0m
  &amp#27;[32mE &amp#27;[0m&amp#27;[32mclico no link da SOCNET&amp#27;[0m                                              &amp#27;[90m# step_definitions.HomeSteps.clico_no_link_da_socnet()&amp#27;[0m
  &amp#27;[31mE &amp#27;[0m&amp#27;[31msou redirecionado para a pagina da SOCNET&amp#27;[0m                            &amp#27;[90m# step_definitions.HomeSteps.sou_redirecionado_para_a_pagina_da_socnet()&amp#27;[0m
      &amp#27;[31morg.junit.ComparisonFailure: expected:<...olaborativa de Servi[ÃƒÂ§]os Ocupacionais do B...> but was:<...olaborativa de Servi[Ã§]os Ocupacionais do B...>
	at org.junit.Assert.assertEquals(Assert.java:117)
	at org.junit.Assert.assertEquals(Assert.java:146)
	at pages.SocNetPage.verificarTextoPaginaSocNet(SocNetPage.java:11)
	at step_definitions.HomeSteps.sou_redirecionado_para_a_pagina_da_socnet(HomeSteps.java:28)
	at âœ½.sou redirecionado para a pagina da SOCNET(file:///C:/Users/Diego%20Pereira/IdeaProjects/SOC_Test/src/test/resources/AppFeatures/Home.feature:8)
&amp#27;[0m
  &amp#27;[36mE &amp#27;[0m&amp#27;[36mclico no link Buscar credenciados&amp#27;[0m                                    &amp#27;[90m# step_definitions.HomeSteps.clico_no_link_buscar_credenciados()&amp#27;[0m
  &amp#27;[36mQuando &amp#27;[0m&amp#27;[36meu digito o CEP &amp#27;[0m&amp#27;[36m&amp#27;[1m"11015-012"&amp#27;[0m                                     &amp#27;[90m# step_definitions.HomeSteps.euDigitoOCEP(java.lang.String)&amp#27;[0m
  &amp#27;[36mE &amp#27;[0m&amp#27;[36mclico no botao Pesquisar&amp#27;[0m                                             &amp#27;[90m# step_definitions.HomeSteps.clicoNoBotaoPesquisar()&amp#27;[0m
  &amp#27;[36mEntao &amp#27;[0m&amp#27;[36me exibido o conteudo da minha busca dos prestadores credenciados&amp#27;[0m &amp#27;[90m# step_definitions.HomeSteps.eExibidoOConteudoDaMinhaBuscaDosPrestadoresCredenciados()&amp#27;[0m

    Embedding img [image/png 276970 bytes]

]]></system-out>
    <system-err><![CDATA[Starting ChromeDriver 91.0.4472.19 (1bf021f248676a0b2ab3ee0561d83a59e424c23e-refs/branch-heads/4472@{#288}) on port 16352
Only local connections are allowed.
Please see https://chromedriver.chromium.org/security-considerations for suggestions on keeping ChromeDriver safe.
ChromeDriver was started successfully.
jul 07, 2021 2:21:07 PM org.openqa.selenium.remote.ProtocolHandshake createSession
INFORMAÇÕES: Detected dialect: W3C
jul 07, 2021 2:21:08 PM org.openqa.selenium.devtools.CdpVersionFinder findNearestMatch
INFORMAÇÕES: Found exact CDP implementation for version 91
]]></system-err>
  </testcase>
</testsuite>